<?xml version="1.0" encoding="utf-8"?><testsuites name="pytest tests"><testsuite name="pytest" errors="0" failures="0" skipped="0" tests="37" time="6.937" timestamp="2026-06-09T00:06:37.909322+00:00" hostname="agent-env-9a5bd48a-81e2-4a61-abb1-c443a2497991"><testcase classname="backend.tests.test_courtvision" name="test_health" time="0.299" /><testcase classname="backend.tests.test_courtvision.TestAuth" name="test_admin_login_sets_cookies" time="0.335" /><testcase classname="backend.tests.test_courtvision.TestAuth" name="test_pro_login" time="0.426" /><testcase classname="backend.tests.test_courtvision.TestAuth" name="test_invalid_login" time="0.345" /><testcase classname="backend.tests.test_courtvision.TestAuth" name="test_me_endpoint" time="0.396" /><testcase classname="backend.tests.test_courtvision.TestAuth" name="test_me_unauth" time="0.121" /><testcase classname="backend.tests.test_courtvision.TestAuth" name="test_register_and_login" time="0.421" /><testcase classname="backend.tests.test_courtvision.TestCore" name="test_leagues" time="0.072" /><testcase classname="backend.tests.test_courtvision.TestCore" name="test_teams" time="0.070" /><testcase classname="backend.tests.test_courtvision.TestCore" name="test_games_today" time="0.066" /><testcase classname="backend.tests.test_courtvision.TestCore" name="test_predictions_today_threshold" time="0.082" /><testcase classname="backend.tests.test_courtvision.TestCore" name="test_predictions_today_locks_for_anon" time="0.071" /><testcase classname="backend.tests.test_courtvision.TestCore" name="test_predictions_today_full_for_premium" time="0.389" /><testcase classname="backend.tests.test_courtvision.TestCore" name="test_premium_picks_locked_for_anon" time="0.061" /><testcase classname="backend.tests.test_courtvision.TestCore" name="test_premium_picks_full_for_pro" time="0.057" /><testcase classname="backend.tests.test_courtvision.TestCore" name="test_prediction_determinism" time="0.187" /><testcase classname="backend.tests.test_courtvision.TestCore" name="test_performance_summary" time="0.064" /><testcase classname="backend.tests.test_courtvision.TestCore" name="test_performance_by_league" time="0.061" /><testcase classname="backend.tests.test_courtvision.TestCore" name="test_performance_timeline" time="0.065" /><testcase classname="backend.tests.test_courtvision.TestAdmin" name="test_admin_dashboard" time="0.053" /><testcase classname="backend.tests.test_courtvision.TestAdmin" name="test_admin_users_list" time="0.056" /><testcase classname="backend.tests.test_courtvision.TestAdmin" name="test_admin_api_keys_demo_mode" time="0.051" /><testcase classname="backend.tests.test_courtvision.TestAdmin" name="test_non_admin_forbidden" time="0.391" /><testcase classname="backend.tests.test_courtvision.TestAdmin" name="test_anon_forbidden" time="0.106" /><testcase classname="backend.tests.test_courtvision.TestAdmin" name="test_grant_premium_role" time="0.214" /><testcase classname="backend.tests.test_courtvision.TestPayments" name="test_packages_list" time="0.061" /><testcase classname="backend.tests.test_courtvision.TestPayments" name="test_checkout_unauth" time="0.192" /><testcase classname="backend.tests.test_courtvision.TestPayments" name="test_checkout_invalid_package" time="0.047" /><testcase classname="backend.tests.test_courtvision.TestPayments" name="test_checkout_creates_session_and_pending_txn" time="0.636" /><testcase classname="backend.tests.test_iteration2_ml.TestMLMeta" name="test_ml_meta_trained_with_metrics" time="0.463" /><testcase classname="backend.tests.test_iteration2_ml.TestMLMeta" name="test_ml_meta_non_admin_forbidden" time="0.406" /><testcase classname="backend.tests.test_iteration2_ml.TestMLMeta" name="test_ml_retrain_non_admin_forbidden" time="0.064" /><testcase classname="backend.tests.test_iteration2_ml.TestAPISports" name="test_api_sports_no_key_returns_400" time="0.062" /><testcase classname="backend.tests.test_iteration2_ml.TestAPISports" name="test_api_sports_non_admin_forbidden" time="0.065" /><testcase classname="backend.tests.test_iteration2_ml.TestPredictions" name="test_engine_and_model_breakdown" time="0.181" /><testcase classname="backend.tests.test_iteration2_ml.TestPredictions" name="test_deterministic_predictions" time="0.152" /><testcase classname="backend.tests.test_iteration2_ml.TestPerformance" name="test_performance_summary_after_retrain" time="0.067" /></testsuite></testsuites>