<?xml version="1.0" encoding="utf-8"?><testsuites name="pytest tests"><testsuite name="pytest" errors="0" failures="0" skipped="0" tests="8" time="1.732" timestamp="2026-06-09T00:06:30.938974+00:00" hostname="agent-env-9a5bd48a-81e2-4a61-abb1-c443a2497991"><testcase classname="backend.tests.test_iteration2_ml.TestMLMeta" name="test_ml_meta_trained_with_metrics" time="0.582" /><testcase classname="backend.tests.test_iteration2_ml.TestMLMeta" name="test_ml_meta_non_admin_forbidden" time="0.478" /><testcase classname="backend.tests.test_iteration2_ml.TestMLMeta" name="test_ml_retrain_non_admin_forbidden" time="0.059" /><testcase classname="backend.tests.test_iteration2_ml.TestAPISports" name="test_api_sports_no_key_returns_400" time="0.068" /><testcase classname="backend.tests.test_iteration2_ml.TestAPISports" name="test_api_sports_non_admin_forbidden" time="0.059" /><testcase classname="backend.tests.test_iteration2_ml.TestPredictions" name="test_engine_and_model_breakdown" time="0.214" /><testcase classname="backend.tests.test_iteration2_ml.TestPredictions" name="test_deterministic_predictions" time="0.161" /><testcase classname="backend.tests.test_iteration2_ml.TestPerformance" name="test_performance_summary_after_retrain" time="0.053" /></testsuite></testsuites>