<?xml version="1.0" encoding="utf-8"?><testsuites name="pytest tests"><testsuite name="pytest" errors="0" failures="1" skipped="0" tests="29" time="5.513" timestamp="2026-06-08T23:45:32.484849+00:00" hostname="agent-env-9a5bd48a-81e2-4a61-abb1-c443a2497991"><testcase classname="backend.tests.test_courtvision" name="test_health" time="0.224" /><testcase classname="backend.tests.test_courtvision.TestAuth" name="test_admin_login_sets_cookies" time="0.462" /><testcase classname="backend.tests.test_courtvision.TestAuth" name="test_pro_login" time="0.373" /><testcase classname="backend.tests.test_courtvision.TestAuth" name="test_invalid_login" time="0.328" /><testcase classname="backend.tests.test_courtvision.TestAuth" name="test_me_endpoint" time="0.430" /><testcase classname="backend.tests.test_courtvision.TestAuth" name="test_me_unauth" time="0.224" /><testcase classname="backend.tests.test_courtvision.TestAuth" name="test_register_and_login" time="0.335"><failure message="AssertionError: assert 'test_user_80...b@example.com' == 'TEST_user_80...b@example.com'&#10;  &#10;  - TEST_user_80c3f01b@example.com&#10;  ? ^^^^&#10;  + test_user_80c3f01b@example.com&#10;  ? ^^^^">backend/tests/test_courtvision.py:98: in test_register_and_login
    assert body["email"] == email
E   AssertionError: assert 'test_user_80...b@example.com' == 'TEST_user_80...b@example.com'
E     
E     - TEST_user_80c3f01b@example.com
E     ? ^^^^
E     + test_user_80c3f01b@example.com
E     ? ^^^^</failure></testcase><testcase classname="backend.tests.test_courtvision.TestCore" name="test_leagues" time="0.059" /><testcase classname="backend.tests.test_courtvision.TestCore" name="test_teams" time="0.061" /><testcase classname="backend.tests.test_courtvision.TestCore" name="test_games_today" time="0.072" /><testcase classname="backend.tests.test_courtvision.TestCore" name="test_predictions_today_threshold" time="0.059" /><testcase classname="backend.tests.test_courtvision.TestCore" name="test_predictions_today_locks_for_anon" time="0.057" /><testcase classname="backend.tests.test_courtvision.TestCore" name="test_predictions_today_full_for_premium" time="0.381" /><testcase classname="backend.tests.test_courtvision.TestCore" name="test_premium_picks_locked_for_anon" time="0.062" /><testcase classname="backend.tests.test_courtvision.TestCore" name="test_premium_picks_full_for_pro" time="0.057" /><testcase classname="backend.tests.test_courtvision.TestCore" name="test_prediction_determinism" time="0.184" /><testcase classname="backend.tests.test_courtvision.TestCore" name="test_performance_summary" time="0.062" /><testcase classname="backend.tests.test_courtvision.TestCore" name="test_performance_by_league" time="0.057" /><testcase classname="backend.tests.test_courtvision.TestCore" name="test_performance_timeline" time="0.061" /><testcase classname="backend.tests.test_courtvision.TestAdmin" name="test_admin_dashboard" time="0.056" /><testcase classname="backend.tests.test_courtvision.TestAdmin" name="test_admin_users_list" time="0.050" /><testcase classname="backend.tests.test_courtvision.TestAdmin" name="test_admin_api_keys_demo_mode" time="0.048" /><testcase classname="backend.tests.test_courtvision.TestAdmin" name="test_non_admin_forbidden" time="0.394" /><testcase classname="backend.tests.test_courtvision.TestAdmin" name="test_anon_forbidden" time="0.108" /><testcase classname="backend.tests.test_courtvision.TestAdmin" name="test_grant_premium_role" time="0.231" /><testcase classname="backend.tests.test_courtvision.TestPayments" name="test_packages_list" time="0.058" /><testcase classname="backend.tests.test_courtvision.TestPayments" name="test_checkout_unauth" time="0.124" /><testcase classname="backend.tests.test_courtvision.TestPayments" name="test_checkout_invalid_package" time="0.051" /><testcase classname="backend.tests.test_courtvision.TestPayments" name="test_checkout_creates_session_and_pending_txn" time="0.681" /></testsuite></testsuites>